{"name": "test_01", "status": "failed", "statusDetails": {"message": "AssertionError: negative test failed\nassert 'standard_user' == 'standard_user1'\n  - standard_user1\n  ?              -\n  + standard_user", "trace": "self = <loginswaglabs.tests.test_negative.TestNegative object at 0x000002AD0AE432E0>\n\n    @allure.testcase(\"Username & password inputs compare\")\n    @allure.severity(\"Low\")\n    def test_01(self):\n        driver = self.driver\n        login = LoginPageSwagLabs(driver)\n        username_input = \"standard_user\"\n        username_output = \"standard_user1\"\n        login.input_username(username_input)\n        driver.implicitly_wait(50)\n>       assert username_input == username_output, \"negative test failed\"\nE       AssertionError: negative test failed\nE       assert 'standard_user' == 'standard_user1'\nE         - standard_user1\nE         ?              -\nE         + standard_user\n\nloginswaglabs\\tests\\test_negative.py:21: AssertionError"}, "start": 1640732408674, "stop": 1640732409017, "uuid": "d6ede91f-3595-4f51-a59c-804e2533d5ce", "historyId": "621fd917920bf7a76c768fa53cd48955", "testCaseId": "c5314a374e91bbf5e33787430d597228", "fullName": "loginswaglabs.tests.test_negative.TestNegative#test_01", "labels": [{"name": "severity", "value": "Low"}, {"name": "feature", "value": "Open Swag Labs"}, {"name": "story", "value": "Opens the Swag Labs Login page"}, {"name": "tag", "value": "@pytest.mark.usefixtures('set_up')"}, {"name": "parentSuite", "value": "loginswaglabs.tests"}, {"name": "suite", "value": "test_negative"}, {"name": "subSuite", "value": "TestNegative"}, {"name": "host", "value": "DESKTOP-EQJF7L7"}, {"name": "thread", "value": "16220-MainThread"}, {"name": "framework", "value": "pytest"}, {"name": "language", "value": "cpython3"}, {"name": "package", "value": "loginswaglabs.tests.test_negative"}], "links": [{"type": "test_case", "url": "Username & password inputs compare", "name": "Username & password inputs compare"}]}